<!DOCTYPE html>
<html>
<head>
<meta http-equiv="Content-Type" content="text/html; charset=utf-8"/>
<meta http-equiv="x-ua-compatible" content="IE=edge"/>
<title>Test results - Class tests.ServicesCategoriesTests</title>
<link href="../css/base-style.css" rel="stylesheet" type="text/css"/>
<link href="../css/style.css" rel="stylesheet" type="text/css"/>
<script src="../js/report.js" type="text/javascript"></script>
</head>
<body>
<div id="content">
<h1>Class tests.ServicesCategoriesTests</h1>
<div class="breadcrumbs">
<a href="../index.html">all</a> &gt; 
<a href="../packages/tests.html">tests</a> &gt; ServicesCategoriesTests</div>
<div id="summary">
<table>
<tr>
<td>
<div class="summaryGroup">
<table>
<tr>
<td>
<div class="infoBox" id="tests">
<div class="counter">2</div>
<p>tests</p>
</div>
</td>
<td>
<div class="infoBox" id="failures">
<div class="counter">0</div>
<p>failures</p>
</div>
</td>
<td>
<div class="infoBox" id="ignored">
<div class="counter">0</div>
<p>ignored</p>
</div>
</td>
<td>
<div class="infoBox" id="duration">
<div class="counter">11.615s</div>
<p>duration</p>
</div>
</td>
</tr>
</table>
</div>
</td>
<td>
<div class="infoBox success" id="successRate">
<div class="percent">100%</div>
<p>successful</p>
</div>
</td>
</tr>
</table>
</div>
<div id="tabs">
<ul class="tabLinks">
<li>
<a href="#tab0">Tests</a>
</li>
<li>
<a href="#tab1">Standard output</a>
</li>
<li>
<a href="#tab2">Standard error</a>
</li>
</ul>
<div id="tab0" class="tab">
<h2>Tests</h2>
<table>
<thead>
<tr>
<th>Test</th>
<th>Duration</th>
<th>Result</th>
</tr>
</thead>
<tr>
<td class="success">testAddCategory</td>
<td class="success">0.496s</td>
<td class="success">passed</td>
</tr>
<tr>
<td class="success">testDeleteCategory</td>
<td class="success">11.119s</td>
<td class="success">passed</td>
</tr>
</table>
</div>
<div id="tab1" class="tab">
<h2>Standard output</h2>
<span class="code">
<pre>12:49:31.554 [Test worker] INFO listeners.TestListener -- The locator will find --&gt; By.xpath: //a[contains(text(),'Log in')]
12:49:31.555 [Test worker] INFO listeners.TestListener -- *********************************************
12:49:31.565 [Test worker] INFO listeners.TestListener -- The locator is --&gt; By.xpath: //a[contains(text(),'Log in')]
12:49:31.565 [Test worker] INFO listeners.TestListener -- *********************************************
12:49:31.591 [Test worker] INFO listeners.TestListener -- The locator will find --&gt; By.id: email
12:49:31.591 [Test worker] INFO listeners.TestListener -- *********************************************
12:49:31.603 [Test worker] INFO listeners.TestListener -- The locator is --&gt; By.id: email
12:49:31.603 [Test worker] INFO listeners.TestListener -- *********************************************
12:49:31.630 [Test worker] INFO listeners.TestListener -- The locator will find --&gt; By.id: email
12:49:31.630 [Test worker] INFO listeners.TestListener -- *********************************************
12:49:31.637 [Test worker] INFO listeners.TestListener -- The locator is --&gt; By.id: email
12:49:31.638 [Test worker] INFO listeners.TestListener -- *********************************************
12:49:31.650 [Test worker] INFO listeners.TestListener -- The locator will find --&gt; By.id: email
12:49:31.650 [Test worker] INFO listeners.TestListener -- *********************************************
12:49:31.656 [Test worker] INFO listeners.TestListener -- The locator is --&gt; By.id: email
12:49:31.656 [Test worker] INFO listeners.TestListener -- *********************************************
12:49:31.699 [Test worker] INFO listeners.TestListener -- The locator will find --&gt; By.id: password
12:49:31.699 [Test worker] INFO listeners.TestListener -- *********************************************
12:49:31.706 [Test worker] INFO listeners.TestListener -- The locator is --&gt; By.id: password
12:49:31.706 [Test worker] INFO listeners.TestListener -- *********************************************
12:49:31.724 [Test worker] INFO listeners.TestListener -- The locator will find --&gt; By.id: password
12:49:31.724 [Test worker] INFO listeners.TestListener -- *********************************************
12:49:31.731 [Test worker] INFO listeners.TestListener -- The locator is --&gt; By.id: password
12:49:31.731 [Test worker] INFO listeners.TestListener -- *********************************************
12:49:31.739 [Test worker] INFO listeners.TestListener -- The locator will find --&gt; By.id: password
12:49:31.739 [Test worker] INFO listeners.TestListener -- *********************************************
12:49:31.745 [Test worker] INFO listeners.TestListener -- The locator is --&gt; By.id: password
12:49:31.745 [Test worker] INFO listeners.TestListener -- *********************************************
12:49:31.755 [Test worker] INFO listeners.TestListener -- The locator will find --&gt; By.cssSelector: button[type='submit']
12:49:31.755 [Test worker] INFO listeners.TestListener -- *********************************************
12:49:31.762 [Test worker] INFO listeners.TestListener -- The locator is --&gt; By.cssSelector: button[type='submit']
12:49:31.762 [Test worker] INFO listeners.TestListener -- *********************************************
12:49:31.782 [Test worker] INFO listeners.TestListener -- The locator will find --&gt; By.xpath: //button[contains(text(),'Admin Section')]
12:49:31.783 [Test worker] INFO listeners.TestListener -- *********************************************
12:49:32.071 [Test worker] INFO listeners.TestListener -- The locator is --&gt; By.xpath: //button[contains(text(),'Admin Section')]
12:49:32.071 [Test worker] INFO listeners.TestListener -- *********************************************
12:49:32.092 [Test worker] INFO listeners.TestListener -- The locator will find --&gt; By.xpath: //a[@href='#/admin/services_categories']
12:49:32.092 [Test worker] INFO listeners.TestListener -- *********************************************
12:49:32.099 [Test worker] INFO listeners.TestListener -- The locator is --&gt; By.xpath: //a[@href='#/admin/services_categories']
12:49:32.099 [Test worker] INFO listeners.TestListener -- *********************************************
12:49:32.122 [Test worker] INFO listeners.TestListener -- The locator will find --&gt; By.cssSelector: input[placeholder='New category title']
12:49:32.122 [Test worker] INFO listeners.TestListener -- *********************************************
12:49:32.129 [Test worker] INFO listeners.TestListener -- The locator is --&gt; By.cssSelector: input[placeholder='New category title']
12:49:32.129 [Test worker] INFO listeners.TestListener -- *********************************************
12:49:32.153 [Test worker] INFO listeners.TestListener -- The locator will find --&gt; By.cssSelector: input[placeholder='New category title']
12:49:32.153 [Test worker] INFO listeners.TestListener -- *********************************************
12:49:32.158 [Test worker] INFO listeners.TestListener -- The locator is --&gt; By.cssSelector: input[placeholder='New category title']
12:49:32.159 [Test worker] INFO listeners.TestListener -- *********************************************
12:49:32.168 [Test worker] INFO listeners.TestListener -- The locator will find --&gt; By.cssSelector: input[placeholder='New category title']
12:49:32.168 [Test worker] INFO listeners.TestListener -- *********************************************
12:49:32.173 [Test worker] INFO listeners.TestListener -- The locator is --&gt; By.cssSelector: input[placeholder='New category title']
12:49:32.173 [Test worker] INFO listeners.TestListener -- *********************************************
12:49:32.183 [Test worker] INFO listeners.TestListener -- The locator will find --&gt; By.xpath: //button[contains(text(),'Add Category')]
12:49:32.183 [Test worker] INFO listeners.TestListener -- *********************************************
12:49:32.190 [Test worker] INFO listeners.TestListener -- The locator is --&gt; By.xpath: //button[contains(text(),'Add Category')]
12:49:32.190 [Test worker] INFO listeners.TestListener -- *********************************************
12:49:32.207 [Test worker] INFO listeners.TestListener -- The locator will find --&gt; By.xpath: //td[text()='TestCategory']
12:49:32.208 [Test worker] INFO listeners.TestListener -- *********************************************
12:49:32.271 [Test worker] INFO listeners.TestListener -- The locator is --&gt; By.xpath: //td[text()='TestCategory']
12:49:32.271 [Test worker] INFO listeners.TestListener -- *********************************************
12:49:33.643 [Test worker] INFO listeners.TestListener -- The locator will find --&gt; By.xpath: //a[contains(text(),'Log in')]
12:49:33.643 [Test worker] INFO listeners.TestListener -- *********************************************
12:49:33.650 [Test worker] INFO listeners.TestListener -- The locator is --&gt; By.xpath: //a[contains(text(),'Log in')]
12:49:33.650 [Test worker] INFO listeners.TestListener -- *********************************************
12:49:33.672 [Test worker] INFO listeners.TestListener -- The locator will find --&gt; By.id: email
12:49:33.672 [Test worker] INFO listeners.TestListener -- *********************************************
12:49:33.680 [Test worker] INFO listeners.TestListener -- The locator is --&gt; By.id: email
12:49:33.680 [Test worker] INFO listeners.TestListener -- *********************************************
12:49:33.712 [Test worker] INFO listeners.TestListener -- The locator will find --&gt; By.id: email
12:49:33.712 [Test worker] INFO listeners.TestListener -- *********************************************
12:49:33.718 [Test worker] INFO listeners.TestListener -- The locator is --&gt; By.id: email
12:49:33.718 [Test worker] INFO listeners.TestListener -- *********************************************
12:49:33.730 [Test worker] INFO listeners.TestListener -- The locator will find --&gt; By.id: email
12:49:33.730 [Test worker] INFO listeners.TestListener -- *********************************************
12:49:33.735 [Test worker] INFO listeners.TestListener -- The locator is --&gt; By.id: email
12:49:33.735 [Test worker] INFO listeners.TestListener -- *********************************************
12:49:33.775 [Test worker] INFO listeners.TestListener -- The locator will find --&gt; By.id: password
12:49:33.776 [Test worker] INFO listeners.TestListener -- *********************************************
12:49:33.781 [Test worker] INFO listeners.TestListener -- The locator is --&gt; By.id: password
12:49:33.782 [Test worker] INFO listeners.TestListener -- *********************************************
12:49:33.800 [Test worker] INFO listeners.TestListener -- The locator will find --&gt; By.id: password
12:49:33.800 [Test worker] INFO listeners.TestListener -- *********************************************
12:49:33.805 [Test worker] INFO listeners.TestListener -- The locator is --&gt; By.id: password
12:49:33.805 [Test worker] INFO listeners.TestListener -- *********************************************
12:49:33.813 [Test worker] INFO listeners.TestListener -- The locator will find --&gt; By.id: password
12:49:33.813 [Test worker] INFO listeners.TestListener -- *********************************************
12:49:33.818 [Test worker] INFO listeners.TestListener -- The locator is --&gt; By.id: password
12:49:33.818 [Test worker] INFO listeners.TestListener -- *********************************************
12:49:33.828 [Test worker] INFO listeners.TestListener -- The locator will find --&gt; By.cssSelector: button[type='submit']
12:49:33.828 [Test worker] INFO listeners.TestListener -- *********************************************
12:49:33.834 [Test worker] INFO listeners.TestListener -- The locator is --&gt; By.cssSelector: button[type='submit']
12:49:33.834 [Test worker] INFO listeners.TestListener -- *********************************************
12:49:33.854 [Test worker] INFO listeners.TestListener -- The locator will find --&gt; By.xpath: //button[contains(text(),'Admin Section')]
12:49:33.854 [Test worker] INFO listeners.TestListener -- *********************************************
12:49:34.140 [Test worker] INFO listeners.TestListener -- The locator is --&gt; By.xpath: //button[contains(text(),'Admin Section')]
12:49:34.141 [Test worker] INFO listeners.TestListener -- *********************************************
12:49:34.160 [Test worker] INFO listeners.TestListener -- The locator will find --&gt; By.xpath: //a[@href='#/admin/services_categories']
12:49:34.160 [Test worker] INFO listeners.TestListener -- *********************************************
12:49:34.166 [Test worker] INFO listeners.TestListener -- The locator is --&gt; By.xpath: //a[@href='#/admin/services_categories']
12:49:34.166 [Test worker] INFO listeners.TestListener -- *********************************************
12:49:34.189 [Test worker] INFO listeners.TestListener -- The locator will find --&gt; By.xpath: //tbody/tr[5]/td[2]/button[2]
12:49:34.189 [Test worker] INFO listeners.TestListener -- *********************************************
12:49:34.250 [Test worker] INFO listeners.TestListener -- The locator is --&gt; By.xpath: //tbody/tr[5]/td[2]/button[2]
12:49:34.250 [Test worker] INFO listeners.TestListener -- *********************************************
12:49:34.278 [Test worker] INFO listeners.TestListener -- The locator will find --&gt; By.xpath: //td[text()='TestCategory']
12:49:34.278 [Test worker] INFO listeners.TestListener -- *********************************************
12:49:34.285 [Test worker] INFO listeners.TestListener -- The locator is --&gt; By.xpath: //td[text()='TestCategory']
12:49:34.285 [Test worker] INFO listeners.TestListener -- *********************************************
12:49:34.795 [Test worker] INFO listeners.TestListener -- The locator will find --&gt; By.xpath: //td[text()='TestCategory']
12:49:34.796 [Test worker] INFO listeners.TestListener -- *********************************************
12:49:44.826 [Test worker] INFO listeners.TestListener -- The test has a problem
12:49:44.826 [Test worker] INFO listeners.TestListener -- *********************************************
12:49:44.826 [Test worker] INFO listeners.TestListener -- Method --&gt; findElement
12:49:44.826 [Test worker] INFO listeners.TestListener -- *********************************************
12:49:44.827 [Test worker] INFO listeners.TestListener -- Target exception --&gt; org.openqa.selenium.NoSuchElementException: no such element: Unable to locate element: {&quot;method&quot;:&quot;xpath&quot;,&quot;selector&quot;:&quot;//td[text()='TestCategory']&quot;}
  (Session info: chrome=132.0.6834.112)
For documentation on this error, please visit: https://www.selenium.dev/documentation/webdriver/troubleshooting/errors#no-such-element-exception
Build info: version: '4.27.0', revision: 'd6e718d134'
System info: os.name: 'Mac OS X', os.arch: 'aarch64', os.version: '15.2', java.version: '17'
Driver info: org.openqa.selenium.chrome.ChromeDriver
Command: [138b8c4769a57390475d1daa9df44119, findElement {using=xpath, value=//td[text()='TestCategory']}]
Capabilities {acceptInsecureCerts: false, browserName: chrome, browserVersion: 132.0.6834.112, chrome: {chromedriverVersion: 131.0.6778.69 (77e2244bbcda..., userDataDir: /var/folders/2p/tt8xd5011ln...}, fedcm:accounts: true, goog:chromeOptions: {debuggerAddress: localhost:50856}, networkConnectionEnabled: false, pageLoadStrategy: normal, platformName: mac, proxy: Proxy(), se:cdp: ws://localhost:50856/devtoo..., se:cdpVersion: 132.0.6834.112, setWindowRect: true, strictFileInteractability: false, timeouts: {implicit: 0, pageLoad: 300000, script: 30000}, unhandledPromptBehavior: dismiss and notify, webauthn:extension:credBlob: true, webauthn:extension:largeBlob: true, webauthn:extension:minPinLength: true, webauthn:extension:prf: true, webauthn:virtualAuthenticators: true}
Session ID: 138b8c4769a57390475d1daa9df44119
12:49:44.827 [Test worker] INFO listeners.TestListener -- *********************************************
12:49:44.827 [Test worker] INFO listeners.TestListener -- Object target --&gt; ChromeDriver: chrome on mac (138b8c4769a57390475d1daa9df44119)
12:49:44.827 [Test worker] INFO listeners.TestListener -- *********************************************
</pre>
</span>
</div>
<div id="tab2" class="tab">
<h2>Standard error</h2>
<span class="code">
<pre>янв. 30, 2025 12:49:30 PM org.openqa.selenium.manager.SeleniumManager lambda$runCommand$1
WARNING: The chromedriver version (131.0.6778.69) detected in PATH at /Users/monk/Tools/chromedriver might not be compatible with the detected chrome version (132.0.6834.112); currently, chromedriver 132.0.6834.159 is recommended for chrome 132.*, so it is advised to delete the driver in PATH and retry
янв. 30, 2025 12:49:30 PM org.openqa.selenium.devtools.CdpVersionFinder findNearestMatch
WARNING: Unable to find an exact match for CDP version 132, returning the closest version; found: 131; Please update to a Selenium version that supports CDP version 132
янв. 30, 2025 12:49:32 PM org.openqa.selenium.manager.SeleniumManager lambda$runCommand$1
WARNING: The chromedriver version (131.0.6778.69) detected in PATH at /Users/monk/Tools/chromedriver might not be compatible with the detected chrome version (132.0.6834.112); currently, chromedriver 132.0.6834.159 is recommended for chrome 132.*, so it is advised to delete the driver in PATH and retry
янв. 30, 2025 12:49:32 PM org.openqa.selenium.devtools.CdpVersionFinder findNearestMatch
WARNING: Unable to find an exact match for CDP version 132, returning the closest version; found: 131; Please update to a Selenium version that supports CDP version 132
янв. 30, 2025 12:49:44 PM org.openqa.selenium.support.events.EventFiringDecorator lambda$onError$2
WARNING: java.nio.file.NoSuchFileException: screenshots/screen-1613.png
java.lang.RuntimeException: java.nio.file.NoSuchFileException: screenshots/screen-1613.png
	at listeners.TestListener.onError(TestListener.java:45)
	at org.openqa.selenium.support.events.EventFiringDecorator.lambda$onError$2(EventFiringDecorator.java:205)
	at java.base/java.util.Arrays$ArrayList.forEach(Arrays.java:4204)
	at org.openqa.selenium.support.events.EventFiringDecorator.onError(EventFiringDecorator.java:202)
	at org.openqa.selenium.support.decorators.DefaultDecorated.onError(DefaultDecorated.java:59)
	at org.openqa.selenium.support.decorators.WebDriverDecorator.lambda$createProxy$2(WebDriverDecorator.java:341)
	at net.bytebuddy.renamed.java.lang.Object$ByteBuddy$u3mSOD6R.findElement(Unknown Source)
	at org.openqa.selenium.support.ui.ExpectedConditions$20.apply(ExpectedConditions.java:569)
	at org.openqa.selenium.support.ui.ExpectedConditions$20.apply(ExpectedConditions.java:565)
	at org.openqa.selenium.support.ui.FluentWait.until(FluentWait.java:203)
	at pages.BasePage.shouldBeInvisible(BasePage.java:47)
	at pages.ServicesCategoriesPage.verifyCategoryDeleted(ServicesCategoriesPage.java:58)
	at tests.ServicesCategoriesTests.testDeleteCategory(ServicesCategoriesTests.java:33)
	at java.base/jdk.internal.reflect.NativeMethodAccessorImpl.invoke0(Native Method)
	at java.base/jdk.internal.reflect.NativeMethodAccessorImpl.invoke(NativeMethodAccessorImpl.java:77)
	at java.base/jdk.internal.reflect.DelegatingMethodAccessorImpl.invoke(DelegatingMethodAccessorImpl.java:43)
	at java.base/java.lang.reflect.Method.invoke(Method.java:568)
	at org.testng.internal.invokers.MethodInvocationHelper.invokeMethod(MethodInvocationHelper.java:141)
	at org.testng.internal.invokers.TestInvoker.invokeMethod(TestInvoker.java:686)
	at org.testng.internal.invokers.TestInvoker.invokeTestMethod(TestInvoker.java:230)
	at org.testng.internal.invokers.MethodRunner.runInSequence(MethodRunner.java:63)
	at org.testng.internal.invokers.TestInvoker$MethodInvocationAgent.invoke(TestInvoker.java:992)
	at org.testng.internal.invokers.TestInvoker.invokeTestMethods(TestInvoker.java:203)
	at org.testng.internal.invokers.TestMethodWorker.invokeTestMethods(TestMethodWorker.java:154)
	at org.testng.internal.invokers.TestMethodWorker.run(TestMethodWorker.java:134)
	at java.base/java.util.ArrayList.forEach(ArrayList.java:1511)
	at org.testng.TestRunner.privateRun(TestRunner.java:739)
	at org.testng.TestRunner.run(TestRunner.java:614)
	at org.testng.SuiteRunner.runTest(SuiteRunner.java:421)
	at org.testng.SuiteRunner.runSequentially(SuiteRunner.java:413)
	at org.testng.SuiteRunner.privateRun(SuiteRunner.java:373)
	at org.testng.SuiteRunner.run(SuiteRunner.java:312)
	at org.testng.SuiteRunnerWorker.runSuite(SuiteRunnerWorker.java:52)
	at org.testng.SuiteRunnerWorker.run(SuiteRunnerWorker.java:95)
	at org.testng.TestNG.runSuitesSequentially(TestNG.java:1274)
	at org.testng.TestNG.runSuitesLocally(TestNG.java:1208)
	at org.testng.TestNG.runSuites(TestNG.java:1112)
	at org.testng.TestNG.run(TestNG.java:1079)
	at org.gradle.api.internal.tasks.testing.testng.TestNGTestClassProcessor.runTests(TestNGTestClassProcessor.java:153)
	at org.gradle.api.internal.tasks.testing.testng.TestNGTestClassProcessor.stop(TestNGTestClassProcessor.java:95)
	at org.gradle.api.internal.tasks.testing.SuiteTestClassProcessor.stop(SuiteTestClassProcessor.java:63)
	at java.base/jdk.internal.reflect.NativeMethodAccessorImpl.invoke0(Native Method)
	at java.base/jdk.internal.reflect.NativeMethodAccessorImpl.invoke(NativeMethodAccessorImpl.java:77)
	at java.base/jdk.internal.reflect.DelegatingMethodAccessorImpl.invoke(DelegatingMethodAccessorImpl.java:43)
	at java.base/java.lang.reflect.Method.invoke(Method.java:568)
	at org.gradle.internal.dispatch.ReflectionDispatch.dispatch(ReflectionDispatch.java:36)
	at org.gradle.internal.dispatch.ReflectionDispatch.dispatch(ReflectionDispatch.java:24)
	at org.gradle.internal.dispatch.ContextClassLoaderDispatch.dispatch(ContextClassLoaderDispatch.java:33)
	at org.gradle.internal.dispatch.ProxyDispatchAdapter$DispatchingInvocationHandler.invoke(ProxyDispatchAdapter.java:92)
	at jdk.proxy1/jdk.proxy1.$Proxy4.stop(Unknown Source)
	at org.gradle.api.internal.tasks.testing.worker.TestWorker$3.run(TestWorker.java:200)
	at org.gradle.api.internal.tasks.testing.worker.TestWorker.executeAndMaintainThreadName(TestWorker.java:132)
	at org.gradle.api.internal.tasks.testing.worker.TestWorker.execute(TestWorker.java:103)
	at org.gradle.api.internal.tasks.testing.worker.TestWorker.execute(TestWorker.java:63)
	at org.gradle.process.internal.worker.child.ActionExecutionWorker.execute(ActionExecutionWorker.java:56)
	at org.gradle.process.internal.worker.child.SystemApplicationClassLoaderWorker.call(SystemApplicationClassLoaderWorker.java:121)
	at org.gradle.process.internal.worker.child.SystemApplicationClassLoaderWorker.call(SystemApplicationClassLoaderWorker.java:71)
	at worker.org.gradle.process.internal.worker.GradleWorkerMain.run(GradleWorkerMain.java:69)
	at worker.org.gradle.process.internal.worker.GradleWorkerMain.main(GradleWorkerMain.java:74)
Caused by: java.nio.file.NoSuchFileException: screenshots/screen-1613.png
	at java.base/sun.nio.fs.UnixException.translateToIOException(UnixException.java:92)
	at java.base/sun.nio.fs.UnixException.rethrowAsIOException(UnixException.java:106)
	at java.base/sun.nio.fs.UnixException.rethrowAsIOException(UnixException.java:111)
	at java.base/sun.nio.fs.UnixCopyFile.copyFile(UnixCopyFile.java:246)
	at java.base/sun.nio.fs.UnixCopyFile.copy(UnixCopyFile.java:603)
	at java.base/sun.nio.fs.UnixFileSystemProvider.copy(UnixFileSystemProvider.java:258)
	at java.base/java.nio.file.Files.copy(Files.java:1305)
	at listeners.TestListener.onError(TestListener.java:43)
	... 58 more

</pre>
</span>
</div>
</div>
<div id="footer">
<p>
<div>
<label class="hidden" id="label-for-line-wrapping-toggle" for="line-wrapping-toggle">Wrap lines
<input id="line-wrapping-toggle" type="checkbox" autocomplete="off"/>
</label>
</div>Generated by 
<a href="http://www.gradle.org">Gradle 8.10</a> at 30 янв. 2025 г., 12:49:45</p>
</div>
</div>
</body>
</html>
